<?xml version="1.0" encoding="UTF-8"?>
<!-- Generated by org.testng.reporters.JUnitXMLReporter -->
<testsuite hostname="INC00757" ignored="0" name="Smoke Test Cases" tests="3" failures="0" timestamp="10 Jan 2018 12:41:30 GMT" time="13.624" errors="0">
  <testcase name="TestHomePageHeadLine" time="0.917" classname="com.incture.proj.testNg.TestClass"/>
  <testcase name="TestHomePageButton" time="0.886" classname="com.incture.proj.testNg.TestClass"/>
  <testcase name="TestRegisterPage" time="2.969" classname="com.incture.proj.testNg.TestClass"/>
</testsuite> <!-- Smoke Test Cases -->
