<?xml version="1.0" encoding="UTF-8"?>
<!-- Generated by org.testng.reporters.JUnitXMLReporter -->
<testsuite hostname="INC00757" name="Smoke Test Cases" tests="3" failures="0" timestamp="10 Jan 2018 12:53:56 GMT" time="14.5" errors="0">
  <testcase name="TestHomePageHeadLine" time="1.021" classname="com.incture.proj.testNg.TestClass"/>
  <testcase name="TestHomePageButton" time="0.988" classname="com.incture.proj.testNg.TestClass"/>
  <testcase name="TestRegisterPage" time="2.683" classname="com.incture.proj.testNg.TestClass"/>
</testsuite> <!-- Smoke Test Cases -->
