<?xml version="1.0" encoding="UTF-8"?>
<testsuite xmlns:xsi="http://www.w3.org/2001/XMLSchema-instance" xsi:schemaLocation="https://maven.apache.org/surefire/maven-surefire-plugin/xsd/surefire-test-report.xsd" name="TestSuite" time="14.891" tests="3" errors="0" skipped="0" failures="0">
  <properties>
[...]
</properties>
  <testcase name="TestHomePageHeadLine" classname="com.incture.proj.testNg.TestClass" time="0.874"/>
  <testcase name="TestHomePageButton" classname="com.incture.proj.testNg.TestClass" time="1.05"/>
  <testcase name="TestRegisterPage" classname="com.incture.proj.testNg.TestClass" time="2.73"/>
</testsuite>