<?xml version="1.0" encoding="UTF-8"?>
<testng-results skipped="0" failed="0" ignored="0" total="3" passed="3">
  <reporter-output>
  </reporter-output>
  <suite name="Default suite" duration-ms="13624" started-at="2018-01-10T12:41:17Z" finished-at="2018-01-10T12:41:30Z">
    <groups>
    </groups>
    <test name="Smoke Test Cases" duration-ms="13624" started-at="2018-01-10T12:41:17Z" finished-at="2018-01-10T12:41:30Z">
      <class name="com.incture.proj.testNg.TestClass">
        <test-method status="PASS" signature="setUp()[pri:0, instance:com.incture.proj.testNg.TestClass@589838eb]" name="setUp" is-config="true" duration-ms="5066" started-at="2018-01-10T18:11:17Z" finished-at="2018-01-10T18:11:22Z">
          <reporter-output>
          </reporter-output>
        </test-method> <!-- setUp -->
        <test-method status="PASS" signature="TestHomePageHeadLine()[pri:0, instance:com.incture.proj.testNg.TestClass@589838eb]" name="TestHomePageHeadLine" duration-ms="917" started-at="2018-01-10T18:11:22Z" finished-at="2018-01-10T18:11:23Z">
          <reporter-output>
          </reporter-output>
        </test-method> <!-- TestHomePageHeadLine -->
        <test-method status="PASS" signature="TestHomePageButton()[pri:1, instance:com.incture.proj.testNg.TestClass@589838eb]" name="TestHomePageButton" duration-ms="886" started-at="2018-01-10T18:11:23Z" finished-at="2018-01-10T18:11:24Z">
          <reporter-output>
          </reporter-output>
        </test-method> <!-- TestHomePageButton -->
        <test-method status="PASS" signature="TestRegisterPage()[pri:2, instance:com.incture.proj.testNg.TestClass@589838eb]" name="TestRegisterPage" duration-ms="2969" started-at="2018-01-10T18:11:24Z" finished-at="2018-01-10T18:11:27Z">
          <reporter-output>
          </reporter-output>
        </test-method> <!-- TestRegisterPage -->
        <test-method status="PASS" signature="CloseBrowser()[pri:0, instance:com.incture.proj.testNg.TestClass@589838eb]" name="CloseBrowser" is-config="true" duration-ms="3536" started-at="2018-01-10T18:11:27Z" finished-at="2018-01-10T18:11:30Z">
          <reporter-output>
          </reporter-output>
        </test-method> <!-- CloseBrowser -->
      </class> <!-- com.incture.proj.testNg.TestClass -->
    </test> <!-- Smoke Test Cases -->
  </suite> <!-- Default suite -->
</testng-results>
